<?xml version="1.0" encoding="UTF-8"?>
<!-- Generated by org.testng.reporters.JUnitXMLReporter -->
<testsuite hostname="LAPTOP-FR3EL910" ignored="0" name="Test" tests="5" failures="1" timestamp="2022-03-07T18:53:52 IST" time="14.888" errors="0">
  <testcase name="createMinDataPet" time="1.76" classname="com.pet.swagger.gluecode.CreatePet"/>
  <testcase name="createFullDataPet" time="0.663" classname="com.pet.swagger.gluecode.CreatePet"/>
  <testcase name="postIncorrectJson" time="0.582" classname="com.pet.swagger.gluecode.CreatePet"/>
  <testcase name="getPetTest" time="11.223" classname="com.pet.swagger.gluecode.GetPetRequest">
    <failure type="com.fasterxml.jackson.databind.exc.UnrecognizedPropertyException" message="Unrecognized field &amp;quot;code&amp;quot; (class com.swagger.petstore.models.Pet), not marked as ignorable (6 known properties: , &amp;quot;status&amp;quot;, &amp;quot;photoUrls&amp;quot;, &amp;quot;tags&amp;quot;, &amp;quot;id&amp;quot;, &amp;quot;name&amp;quot;, &amp;quot;category&amp;quot;])
 at [Source: java.io.StringReader@6f6962ba; line: 1, column: 10] (through reference chain: com.swagger.petstore.models.Pet[&amp;quot;code&amp;quot;])">
      <![CDATA[com.fasterxml.jackson.databind.exc.UnrecognizedPropertyException: Unrecognized field "code" (class com.swagger.petstore.models.Pet), not marked as ignorable (6 known properties: , "status", "photoUrls", "tags", "id", "name", "category"])
 at [Source: java.io.StringReader@6f6962ba; line: 1, column: 10] (through reference chain: com.swagger.petstore.models.Pet["code"])
at com.fasterxml.jackson.databind.exc.UnrecognizedPropertyException.from(UnrecognizedPropertyException.java:79)
at com.fasterxml.jackson.databind.DeserializationContext.reportUnknownProperty(DeserializationContext.java:555)
at com.fasterxml.jackson.databind.deser.std.StdDeserializer.handleUnknownProperty(StdDeserializer.java:708)
at com.fasterxml.jackson.databind.deser.BeanDeserializerBase.handleUnknownProperty(BeanDeserializerBase.java:1160)
at com.fasterxml.jackson.databind.deser.BeanDeserializer.deserializeFromObject(BeanDeserializer.java:315)
at com.fasterxml.jackson.databind.deser.BeanDeserializer.deserialize(BeanDeserializer.java:121)
at com.fasterxml.jackson.databind.ObjectMapper._readMapAndClose(ObjectMapper.java:2888)
at com.fasterxml.jackson.databind.ObjectMapper.readValue(ObjectMapper.java:2048)
at com.fasterxml.jackson.databind.ObjectMapper$readValue$2.call(Unknown Source)
at org.codehaus.groovy.runtime.callsite.CallSiteArray.defaultCall(CallSiteArray.java:48)
at org.codehaus.groovy.runtime.callsite.AbstractCallSite.call(AbstractCallSite.java:113)
at org.codehaus.groovy.runtime.callsite.AbstractCallSite.call(AbstractCallSite.java:133)
at io.restassured.internal.path.json.mapping.JsonPathJackson2ObjectDeserializer.deserialize(JsonPathJackson2ObjectDeserializer.groovy:46)
at io.restassured.path.json.mapping.JsonPathObjectDeserializer$deserialize.call(Unknown Source)
at org.codehaus.groovy.runtime.callsite.CallSiteArray.defaultCall(CallSiteArray.java:48)
at org.codehaus.groovy.runtime.callsite.AbstractCallSite.call(AbstractCallSite.java:113)
at org.codehaus.groovy.runtime.callsite.AbstractCallSite.call(AbstractCallSite.java:125)
at io.restassured.internal.mapping.Jackson2Mapper.deserialize(Jackson2Mapper.groovy:58)
at io.restassured.mapper.ObjectMapper$deserialize$0.call(Unknown Source)
at org.codehaus.groovy.runtime.callsite.CallSiteArray.defaultCall(CallSiteArray.java:48)
at org.codehaus.groovy.runtime.callsite.AbstractCallSite.call(AbstractCallSite.java:113)
at org.codehaus.groovy.runtime.callsite.AbstractCallSite.call(AbstractCallSite.java:125)
at io.restassured.internal.mapping.ObjectMapping.parseWithJackson2(ObjectMapping.groovy:238)
at io.restassured.internal.mapping.ObjectMapping$parseWithJackson2$1.callStatic(Unknown Source)
at org.codehaus.groovy.runtime.callsite.CallSiteArray.defaultCallStatic(CallSiteArray.java:56)
at org.codehaus.groovy.runtime.callsite.AbstractCallSite.callStatic(AbstractCallSite.java:194)
at org.codehaus.groovy.runtime.callsite.AbstractCallSite.callStatic(AbstractCallSite.java:214)
at io.restassured.internal.mapping.ObjectMapping.deserialize(ObjectMapping.groovy:59)
at io.restassured.internal.mapping.ObjectMapping$deserialize$0.call(Unknown Source)
at org.codehaus.groovy.runtime.callsite.CallSiteArray.defaultCall(CallSiteArray.java:48)
at org.codehaus.groovy.runtime.callsite.AbstractCallSite.call(AbstractCallSite.java:113)
at io.restassured.internal.RestAssuredResponseOptionsGroovyImpl.as(RestAssuredResponseOptionsGroovyImpl.groovy:226)
at io.restassured.internal.RestAssuredResponseOptionsImpl.as(RestAssuredResponseOptionsImpl.java:169)
at com.swagger.petstore.testing.steps.PetSteps.getPetById(PetSteps.java:39)
at com.swagger.petstore.testing.steps.PetSteps.assertPetData(PetSteps.java:52)
at com.pet.swagger.gluecode.GetPetRequest.getPetTest(GetPetRequest.java:19)
at java.util.ArrayList.forEach(ArrayList.java:1257)
... Removed 27 stack frames]]>
    </failure>
  </testcase> <!-- getPetTest -->
  <testcase name="getNotFoundPetTest" time="0.586" classname="com.pet.swagger.gluecode.GetPetRequest"/>
</testsuite> <!-- Test -->
