<?xml version="1.0" encoding="UTF-8"?>
<!-- Generated by org.testng.reporters.JUnitXMLReporter -->
<testsuite hostname="LAPTOP-FR3EL910" ignored="0" name="Test" tests="5" failures="0" timestamp="2022-03-07T18:55:17 IST" time="15.214" errors="0">
  <testcase name="createMinDataPet" time="1.902" classname="com.pet.swagger.gluecode.CreatePet"/>
  <testcase name="createFullDataPet" time="0.649" classname="com.pet.swagger.gluecode.CreatePet"/>
  <testcase name="postIncorrectJson" time="0.611" classname="com.pet.swagger.gluecode.CreatePet"/>
  <testcase name="getPetTest" time="11.411" classname="com.pet.swagger.gluecode.GetPetRequest"/>
  <testcase name="getNotFoundPetTest" time="0.574" classname="com.pet.swagger.gluecode.GetPetRequest"/>
</testsuite> <!-- Test -->
