<?xml version="1.0" encoding="UTF-8"?>
<testng-results skipped="0" failed="1" ignored="0" total="5" passed="4">
  <reporter-output>
  </reporter-output>
  <suite name="Suite" duration-ms="14888" started-at="2022-03-07T18:53:37 IST" finished-at="2022-03-07T18:53:52 IST">
    <groups>
    </groups>
    <test name="Test" duration-ms="14888" started-at="2022-03-07T18:53:37 IST" finished-at="2022-03-07T18:53:52 IST">
      <class name="com.pet.swagger.gluecode.GetPetRequest">
        <test-method status="FAIL" signature="getPetTest()[pri:4, instance:com.pet.swagger.gluecode.GetPetRequest@8462f31]" name="getPetTest" duration-ms="11223" started-at="2022-03-07T18:53:40 IST" finished-at="2022-03-07T18:53:51 IST">
          <exception class="com.fasterxml.jackson.databind.exc.UnrecognizedPropertyException">
            <message>
              <![CDATA[Unrecognized field "code" (class com.swagger.petstore.models.Pet), not marked as ignorable (6 known properties: , "status", "photoUrls", "tags", "id", "name", "category"])
 at [Source: java.io.StringReader@6f6962ba; line: 1, column: 10] (through reference chain: com.swagger.petstore.models.Pet["code"])]]>
            </message>
            <full-stacktrace>
              <![CDATA[com.fasterxml.jackson.databind.exc.UnrecognizedPropertyException: Unrecognized field "code" (class com.swagger.petstore.models.Pet), not marked as ignorable (6 known properties: , "status", "photoUrls", "tags", "id", "name", "category"])
 at [Source: java.io.StringReader@6f6962ba; line: 1, column: 10] (through reference chain: com.swagger.petstore.models.Pet["code"])
at com.fasterxml.jackson.databind.exc.UnrecognizedPropertyException.from(UnrecognizedPropertyException.java:79)
at com.fasterxml.jackson.databind.DeserializationContext.reportUnknownProperty(DeserializationContext.java:555)
at com.fasterxml.jackson.databind.deser.std.StdDeserializer.handleUnknownProperty(StdDeserializer.java:708)
at com.fasterxml.jackson.databind.deser.BeanDeserializerBase.handleUnknownProperty(BeanDeserializerBase.java:1160)
at com.fasterxml.jackson.databind.deser.BeanDeserializer.deserializeFromObject(BeanDeserializer.java:315)
at com.fasterxml.jackson.databind.deser.BeanDeserializer.deserialize(BeanDeserializer.java:121)
at com.fasterxml.jackson.databind.ObjectMapper._readMapAndClose(ObjectMapper.java:2888)
at com.fasterxml.jackson.databind.ObjectMapper.readValue(ObjectMapper.java:2048)
at com.fasterxml.jackson.databind.ObjectMapper$readValue$2.call(Unknown Source)
at org.codehaus.groovy.runtime.callsite.CallSiteArray.defaultCall(CallSiteArray.java:48)
at org.codehaus.groovy.runtime.callsite.AbstractCallSite.call(AbstractCallSite.java:113)
at org.codehaus.groovy.runtime.callsite.AbstractCallSite.call(AbstractCallSite.java:133)
at io.restassured.internal.path.json.mapping.JsonPathJackson2ObjectDeserializer.deserialize(JsonPathJackson2ObjectDeserializer.groovy:46)
at io.restassured.path.json.mapping.JsonPathObjectDeserializer$deserialize.call(Unknown Source)
at org.codehaus.groovy.runtime.callsite.CallSiteArray.defaultCall(CallSiteArray.java:48)
at org.codehaus.groovy.runtime.callsite.AbstractCallSite.call(AbstractCallSite.java:113)
at org.codehaus.groovy.runtime.callsite.AbstractCallSite.call(AbstractCallSite.java:125)
at io.restassured.internal.mapping.Jackson2Mapper.deserialize(Jackson2Mapper.groovy:58)
at io.restassured.mapper.ObjectMapper$deserialize$0.call(Unknown Source)
at org.codehaus.groovy.runtime.callsite.CallSiteArray.defaultCall(CallSiteArray.java:48)
at org.codehaus.groovy.runtime.callsite.AbstractCallSite.call(AbstractCallSite.java:113)
at org.codehaus.groovy.runtime.callsite.AbstractCallSite.call(AbstractCallSite.java:125)
at io.restassured.internal.mapping.ObjectMapping.parseWithJackson2(ObjectMapping.groovy:238)
at io.restassured.internal.mapping.ObjectMapping$parseWithJackson2$1.callStatic(Unknown Source)
at org.codehaus.groovy.runtime.callsite.CallSiteArray.defaultCallStatic(CallSiteArray.java:56)
at org.codehaus.groovy.runtime.callsite.AbstractCallSite.callStatic(AbstractCallSite.java:194)
at org.codehaus.groovy.runtime.callsite.AbstractCallSite.callStatic(AbstractCallSite.java:214)
at io.restassured.internal.mapping.ObjectMapping.deserialize(ObjectMapping.groovy:59)
at io.restassured.internal.mapping.ObjectMapping$deserialize$0.call(Unknown Source)
at org.codehaus.groovy.runtime.callsite.CallSiteArray.defaultCall(CallSiteArray.java:48)
at org.codehaus.groovy.runtime.callsite.AbstractCallSite.call(AbstractCallSite.java:113)
at io.restassured.internal.RestAssuredResponseOptionsGroovyImpl.as(RestAssuredResponseOptionsGroovyImpl.groovy:226)
at io.restassured.internal.RestAssuredResponseOptionsImpl.as(RestAssuredResponseOptionsImpl.java:169)
at com.swagger.petstore.testing.steps.PetSteps.getPetById(PetSteps.java:39)
at com.swagger.petstore.testing.steps.PetSteps.assertPetData(PetSteps.java:52)
at com.pet.swagger.gluecode.GetPetRequest.getPetTest(GetPetRequest.java:19)
at sun.reflect.NativeMethodAccessorImpl.invoke0(Native Method)
at sun.reflect.NativeMethodAccessorImpl.invoke(NativeMethodAccessorImpl.java:62)
at sun.reflect.DelegatingMethodAccessorImpl.invoke(DelegatingMethodAccessorImpl.java:43)
at java.lang.reflect.Method.invoke(Method.java:498)
at org.testng.internal.MethodInvocationHelper.invokeMethod(MethodInvocationHelper.java:133)
at org.testng.internal.TestInvoker.invokeMethod(TestInvoker.java:598)
at org.testng.internal.TestInvoker.invokeTestMethod(TestInvoker.java:173)
at org.testng.internal.MethodRunner.runInSequence(MethodRunner.java:46)
at org.testng.internal.TestInvoker$MethodInvocationAgent.invoke(TestInvoker.java:824)
at org.testng.internal.TestInvoker.invokeTestMethods(TestInvoker.java:146)
at org.testng.internal.TestMethodWorker.invokeTestMethods(TestMethodWorker.java:146)
at org.testng.internal.TestMethodWorker.run(TestMethodWorker.java:128)
at java.util.ArrayList.forEach(ArrayList.java:1257)
at org.testng.TestRunner.privateRun(TestRunner.java:794)
at org.testng.TestRunner.run(TestRunner.java:596)
at org.testng.SuiteRunner.runTest(SuiteRunner.java:377)
at org.testng.SuiteRunner.runSequentially(SuiteRunner.java:371)
at org.testng.SuiteRunner.privateRun(SuiteRunner.java:332)
at org.testng.SuiteRunner.run(SuiteRunner.java:276)
at org.testng.SuiteRunnerWorker.runSuite(SuiteRunnerWorker.java:53)
at org.testng.SuiteRunnerWorker.run(SuiteRunnerWorker.java:96)
at org.testng.TestNG.runSuitesSequentially(TestNG.java:1212)
at org.testng.TestNG.runSuitesLocally(TestNG.java:1134)
at org.testng.TestNG.runSuites(TestNG.java:1063)
at org.testng.TestNG.run(TestNG.java:1031)
at org.testng.remote.AbstractRemoteTestNG.run(AbstractRemoteTestNG.java:115)
at org.testng.remote.RemoteTestNG.initAndRun(RemoteTestNG.java:251)
at org.testng.remote.RemoteTestNG.main(RemoteTestNG.java:77)
]]>
            </full-stacktrace>
          </exception> <!-- com.fasterxml.jackson.databind.exc.UnrecognizedPropertyException -->
          <reporter-output>
          </reporter-output>
        </test-method> <!-- getPetTest -->
        <test-method status="PASS" signature="getNotFoundPetTest()[pri:5, instance:com.pet.swagger.gluecode.GetPetRequest@8462f31]" name="getNotFoundPetTest" duration-ms="586" started-at="2022-03-07T18:53:51 IST" finished-at="2022-03-07T18:53:52 IST">
          <reporter-output>
          </reporter-output>
        </test-method> <!-- getNotFoundPetTest -->
      </class> <!-- com.pet.swagger.gluecode.GetPetRequest -->
      <class name="com.pet.swagger.gluecode.CreatePet">
        <test-method status="PASS" signature="setup()[pri:0, instance:com.pet.swagger.gluecode.CreatePet@18271936]" name="setup" is-config="true" duration-ms="28" started-at="2022-03-07T18:53:37 IST" finished-at="2022-03-07T18:53:37 IST">
          <reporter-output>
          </reporter-output>
        </test-method> <!-- setup -->
        <test-method status="PASS" signature="createMinDataPet()[pri:1, instance:com.pet.swagger.gluecode.CreatePet@18271936]" name="createMinDataPet" duration-ms="1760" started-at="2022-03-07T18:53:37 IST" finished-at="2022-03-07T18:53:39 IST">
          <reporter-output>
          </reporter-output>
        </test-method> <!-- createMinDataPet -->
        <test-method status="PASS" signature="createFullDataPet()[pri:2, instance:com.pet.swagger.gluecode.CreatePet@18271936]" name="createFullDataPet" duration-ms="663" started-at="2022-03-07T18:53:39 IST" finished-at="2022-03-07T18:53:39 IST">
          <reporter-output>
          </reporter-output>
        </test-method> <!-- createFullDataPet -->
        <test-method status="PASS" signature="setup()[pri:0, instance:com.pet.swagger.gluecode.CreatePet@18271936]" name="setup" is-config="true" duration-ms="0" started-at="2022-03-07T18:53:39 IST" finished-at="2022-03-07T18:53:39 IST">
          <reporter-output>
          </reporter-output>
        </test-method> <!-- setup -->
        <test-method status="PASS" signature="setup()[pri:0, instance:com.pet.swagger.gluecode.CreatePet@18271936]" name="setup" is-config="true" duration-ms="1" started-at="2022-03-07T18:53:39 IST" finished-at="2022-03-07T18:53:39 IST">
          <reporter-output>
          </reporter-output>
        </test-method> <!-- setup -->
        <test-method status="PASS" signature="postIncorrectJson()[pri:3, instance:com.pet.swagger.gluecode.CreatePet@18271936]" name="postIncorrectJson" duration-ms="582" started-at="2022-03-07T18:53:39 IST" finished-at="2022-03-07T18:53:40 IST">
          <reporter-output>
          </reporter-output>
        </test-method> <!-- postIncorrectJson -->
      </class> <!-- com.pet.swagger.gluecode.CreatePet -->
    </test> <!-- Test -->
  </suite> <!-- Suite -->
</testng-results>
